<?xml version="1.0" encoding="UTF-8"?>
<testng-results skipped="0" failed="0" ignored="0" total="5" passed="5">
  <reporter-output>
  </reporter-output>
  <suite name="Suite" duration-ms="151279" started-at="2017-12-11T17:24:29Z" finished-at="2017-12-11T17:27:01Z">
    <groups>
    </groups>
    <test name="TestCase1" duration-ms="67085" started-at="2017-12-11T17:24:29Z" finished-at="2017-12-11T17:25:36Z">
      <class name="AssignmentTasks.TestNG_TestCase1">
        <test-method status="PASS" signature="LaunchBrowser()[pri:0, instance:AssignmentTasks.TestNG_TestCase1@3aa3bf75]" name="LaunchBrowser" is-config="true" duration-ms="8150" started-at="2017-12-11T12:24:29Z" finished-at="2017-12-11T12:24:37Z">
          <reporter-output>
          </reporter-output>
        </test-method> <!-- LaunchBrowser -->
        <test-method status="PASS" signature="MainCode()[pri:0, instance:AssignmentTasks.TestNG_TestCase1@3aa3bf75]" name="MainCode" duration-ms="52920" started-at="2017-12-11T12:24:37Z" finished-at="2017-12-11T12:25:30Z">
          <reporter-output>
          </reporter-output>
        </test-method> <!-- MainCode -->
        <test-method status="PASS" signature="afterTest()[pri:0, instance:AssignmentTasks.TestNG_TestCase1@3aa3bf75]" name="afterTest" is-config="true" duration-ms="5935" started-at="2017-12-11T12:25:30Z" finished-at="2017-12-11T12:25:36Z">
          <reporter-output>
          </reporter-output>
        </test-method> <!-- afterTest -->
      </class> <!-- AssignmentTasks.TestNG_TestCase1 -->
    </test> <!-- TestCase1 -->
    <test name="TestCase2" duration-ms="29195" started-at="2017-12-11T17:25:36Z" finished-at="2017-12-11T17:26:06Z">
      <class name="AssignmentTasks.TestNG_TestCase2">
        <test-method status="PASS" signature="LaunchBrowser()[pri:0, instance:AssignmentTasks.TestNG_TestCase2@8a8e8235]" name="LaunchBrowser" is-config="true" duration-ms="5533" started-at="2017-12-11T12:25:36Z" finished-at="2017-12-11T12:25:42Z">
          <reporter-output>
          </reporter-output>
        </test-method> <!-- LaunchBrowser -->
        <test-method status="PASS" signature="MainCode()[pri:0, instance:AssignmentTasks.TestNG_TestCase2@8a8e8235]" name="MainCode" duration-ms="23295" started-at="2017-12-11T12:25:42Z" finished-at="2017-12-11T12:26:05Z">
          <reporter-output>
          </reporter-output>
        </test-method> <!-- MainCode -->
        <test-method status="PASS" signature="afterTest()[pri:0, instance:AssignmentTasks.TestNG_TestCase2@8a8e8235]" name="afterTest" is-config="true" duration-ms="357" started-at="2017-12-11T12:26:05Z" finished-at="2017-12-11T12:26:06Z">
          <reporter-output>
          </reporter-output>
        </test-method> <!-- afterTest -->
      </class> <!-- AssignmentTasks.TestNG_TestCase2 -->
    </test> <!-- TestCase2 -->
    <test name="TestCase3" duration-ms="54913" started-at="2017-12-11T17:26:06Z" finished-at="2017-12-11T17:27:01Z">
      <class name="AssignmentTasks.TestNG_TestCase3">
        <test-method status="PASS" signature="LaunchBrowser()[pri:0, instance:AssignmentTasks.TestNG_TestCase3@57de8d4d]" name="LaunchBrowser" is-config="true" duration-ms="5334" started-at="2017-12-11T12:26:06Z" finished-at="2017-12-11T12:26:11Z">
          <reporter-output>
          </reporter-output>
        </test-method> <!-- LaunchBrowser -->
        <test-method status="PASS" signature="MainCode()[pri:0, instance:AssignmentTasks.TestNG_TestCase3@57de8d4d]" name="MainCode" duration-ms="15714" started-at="2017-12-11T12:26:11Z" finished-at="2017-12-11T12:26:27Z">
          <reporter-output>
          </reporter-output>
        </test-method> <!-- MainCode -->
        <test-method status="PASS" signature="EditInfo()[pri:1, instance:AssignmentTasks.TestNG_TestCase3@57de8d4d]" name="EditInfo" duration-ms="20480" started-at="2017-12-11T12:26:27Z" finished-at="2017-12-11T12:26:47Z">
          <reporter-output>
          </reporter-output>
        </test-method> <!-- EditInfo -->
        <test-method status="PASS" signature="DeleteInfo()[pri:2, instance:AssignmentTasks.TestNG_TestCase3@57de8d4d]" name="DeleteInfo" duration-ms="341" started-at="2017-12-11T12:26:47Z" finished-at="2017-12-11T12:26:48Z">
          <reporter-output>
          </reporter-output>
        </test-method> <!-- DeleteInfo -->
        <test-method status="PASS" signature="afterTest()[pri:0, instance:AssignmentTasks.TestNG_TestCase3@57de8d4d]" name="afterTest" is-config="true" duration-ms="13028" started-at="2017-12-11T12:26:48Z" finished-at="2017-12-11T12:27:01Z">
          <reporter-output>
          </reporter-output>
        </test-method> <!-- afterTest -->
      </class> <!-- AssignmentTasks.TestNG_TestCase3 -->
    </test> <!-- TestCase3 -->
  </suite> <!-- Suite -->
</testng-results>
